[07ago2025 00:00:10.419] [Server thread/INFO] [Chunk Activity Tracker/]: Saving data for 8201 chunks for dimension 'overworld' took 37 milliseconds
[07ago2025 00:05:10.099] [Server thread/INFO] [Chunk Activity Tracker/]: Saving data for 8213 chunks for dimension 'overworld' took 16 milliseconds
[07ago2025 00:10:10.066] [Server thread/INFO] [Chunk Activity Tracker/]: Saving data for 8213 chunks for dimension 'overworld' took 16 milliseconds
[07ago2025 00:15:10.062] [Server thread/INFO] [Chunk Activity Tracker/]: Saving data for 8213 chunks for dimension 'overworld' took 29 milliseconds
[07ago2025 00:20:10.066] [Server thread/INFO] [Chunk Activity Tracker/]: Saving data for 8213 chunks for dimension 'overworld' took 25 milliseconds
[07ago2025 00:25:09.976] [Server thread/INFO] [Chunk Activity Tracker/]: Saving data for 8213 chunks for dimension 'overworld' took 19 milliseconds
[07ago2025 00:30:10.023] [Server thread/INFO] [Chunk Activity Tracker/]: Saving data for 8213 chunks for dimension 'overworld' took 16 milliseconds
[07ago2025 00:35:09.903] [Server thread/INFO] [Chunk Activity Tracker/]: Saving data for 8213 chunks for dimension 'overworld' took 16 milliseconds
[07ago2025 00:40:10.002] [Server thread/INFO] [Chunk Activity Tracker/]: Saving data for 8216 chunks for dimension 'overworld' took 19 milliseconds
[07ago2025 00:45:09.903] [Server thread/INFO] [Chunk Activity Tracker/]: Saving data for 8217 chunks for dimension 'overworld' took 16 milliseconds
[07ago2025 00:50:09.940] [Server thread/INFO] [Chunk Activity Tracker/]: Saving data for 8217 chunks for dimension 'overworld' took 16 milliseconds
[07ago2025 00:55:09.903] [Server thread/INFO] [Chunk Activity Tracker/]: Saving data for 8217 chunks for dimension 'overworld' took 16 milliseconds
[07ago2025 00:56:20.681] [Server thread/INFO] [net.minecraft.server.MinecraftServer/]: Ezezsche was slain by Enderman
[07ago2025 00:57:16.808] [Server thread/INFO] [net.minecraft.server.MinecraftServer/]: Ezezsche was slain by Enderman
[07ago2025 01:00:09.883] [Server thread/INFO] [Chunk Activity Tracker/]: Saving data for 8217 chunks for dimension 'overworld' took 16 milliseconds
[07ago2025 01:05:09.893] [Server thread/INFO] [Chunk Activity Tracker/]: Saving data for 8217 chunks for dimension 'overworld' took 15 milliseconds
[07ago2025 01:10:09.925] [Server thread/INFO] [Chunk Activity Tracker/]: Saving data for 8217 chunks for dimension 'overworld' took 17 milliseconds
[07ago2025 01:15:09.884] [Server thread/INFO] [Chunk Activity Tracker/]: Saving data for 8217 chunks for dimension 'overworld' took 17 milliseconds
[07ago2025 01:20:09.904] [Server thread/INFO] [Chunk Activity Tracker/]: Saving data for 8217 chunks for dimension 'overworld' took 16 milliseconds
[07ago2025 01:25:09.883] [Server thread/INFO] [Chunk Activity Tracker/]: Saving data for 8217 chunks for dimension 'overworld' took 16 milliseconds
[07ago2025 01:30:09.912] [Server thread/INFO] [Chunk Activity Tracker/]: Saving data for 8217 chunks for dimension 'overworld' took 13 milliseconds
[07ago2025 01:31:32.684] [Server thread/INFO] [net.minecraft.server.MinecraftServer/]: Stopping the server
[07ago2025 01:31:32.741] [Server thread/INFO] [net.minecraft.server.MinecraftServer/]: Stopping server
[07ago2025 01:31:32.746] [Server thread/INFO] [net.minecraft.server.MinecraftServer/]: Saving players
[07ago2025 01:31:32.798] [Server thread/INFO] [net.minecraft.server.MinecraftServer/]: Saving worlds
[07ago2025 01:31:32.912] [Server thread/INFO] [net.minecraft.server.MinecraftServer/]: Saving chunks for level 'ServerLevel[world]'/minecraft:overworld
[07ago2025 01:31:33.146] [Server thread/INFO] [net.minecraft.server.MinecraftServer/]: Saving chunks for level 'ServerLevel[world]'/adastraextra:jupiter_orbit
[07ago2025 01:31:33.148] [Server thread/INFO] [net.minecraft.server.MinecraftServer/]: Saving chunks for level 'ServerLevel[world]'/ad_astra:mars_orbit
[07ago2025 01:31:33.149] [Server thread/INFO] [net.minecraft.server.MinecraftServer/]: Saving chunks for level 'ServerLevel[world]'/ad_astra:moon_orbit
[07ago2025 01:31:33.149] [Server thread/INFO] [net.minecraft.server.MinecraftServer/]: Saving chunks for level 'ServerLevel[world]'/adastraextra:phobos
[07ago2025 01:31:33.150] [Server thread/INFO] [net.minecraft.server.MinecraftServer/]: Saving chunks for level 'ServerLevel[world]'/ad_astra:earth_orbit
[07ago2025 01:31:33.150] [Server thread/INFO] [net.minecraft.server.MinecraftServer/]: Saving chunks for level 'ServerLevel[world]'/adastraextra:phobos_orbit
[07ago2025 01:31:33.150] [Server thread/INFO] [net.minecraft.server.MinecraftServer/]: Saving chunks for level 'ServerLevel[world]'/ad_astra:venus
[07ago2025 01:31:33.152] [Server thread/INFO] [net.minecraft.server.MinecraftServer/]: Saving chunks for level 'ServerLevel[world]'/ad_astra:mercury
[07ago2025 01:31:33.152] [Server thread/INFO] [net.minecraft.server.MinecraftServer/]: Saving chunks for level 'ServerLevel[world]'/adastraextra:neptune
[07ago2025 01:31:33.153] [Server thread/INFO] [net.minecraft.server.MinecraftServer/]: Saving chunks for level 'ServerLevel[world]'/deeperdarker:otherside
[07ago2025 01:31:33.153] [Server thread/INFO] [net.minecraft.server.MinecraftServer/]: Saving chunks for level 'ServerLevel[world]'/adastraextra:amalthea_orbit
[07ago2025 01:31:33.154] [Server thread/INFO] [net.minecraft.server.MinecraftServer/]: Saving chunks for level 'ServerLevel[world]'/adastraextra:metis
[07ago2025 01:31:33.154] [Server thread/INFO] [net.minecraft.server.MinecraftServer/]: Saving chunks for level 'ServerLevel[world]'/minecraft:the_end
[07ago2025 01:31:33.155] [Server thread/INFO] [net.minecraft.server.MinecraftServer/]: Saving chunks for level 'ServerLevel[world]'/ad_astra:venus_orbit
[07ago2025 01:31:33.155] [Server thread/INFO] [net.minecraft.server.MinecraftServer/]: Saving chunks for level 'ServerLevel[world]'/ad_astra:mars
[07ago2025 01:31:33.155] [Server thread/INFO] [net.minecraft.server.MinecraftServer/]: Saving chunks for level 'ServerLevel[world]'/adastraextra:adrastea_orbit
[07ago2025 01:31:33.156] [Server thread/INFO] [net.minecraft.server.MinecraftServer/]: Saving chunks for level 'ServerLevel[world]'/adastraextra:uranus
[07ago2025 01:31:33.156] [Server thread/INFO] [net.minecraft.server.MinecraftServer/]: Saving chunks for level 'ServerLevel[world]'/minecraft:the_nether
[07ago2025 01:31:33.156] [Server thread/INFO] [net.minecraft.server.MinecraftServer/]: Saving chunks for level 'ServerLevel[world]'/adastraextra:adrastea
[07ago2025 01:31:33.158] [Server thread/INFO] [net.minecraft.server.MinecraftServer/]: Saving chunks for level 'ServerLevel[world]'/adastraextra:uranus_orbit
[07ago2025 01:31:33.158] [Server thread/INFO] [net.minecraft.server.MinecraftServer/]: Saving chunks for level 'ServerLevel[world]'/adastraextra:thebe_orbit
[07ago2025 01:31:33.159] [Server thread/INFO] [net.minecraft.server.MinecraftServer/]: Saving chunks for level 'ServerLevel[world]'/adastraextra:amalthea
[07ago2025 01:31:33.159] [Server thread/INFO] [net.minecraft.server.MinecraftServer/]: Saving chunks for level 'ServerLevel[world]'/ad_astra:glacio
[07ago2025 01:31:33.160] [Server thread/INFO] [net.minecraft.server.MinecraftServer/]: Saving chunks for level 'ServerLevel[world]'/ad_astra:moon
[07ago2025 01:31:33.160] [Server thread/INFO] [net.minecraft.server.MinecraftServer/]: Saving chunks for level 'ServerLevel[world]'/adastraextra:deimos_orbit
[07ago2025 01:31:33.160] [Server thread/INFO] [net.minecraft.server.MinecraftServer/]: Saving chunks for level 'ServerLevel[world]'/ad_astra:glacio_orbit
[07ago2025 01:31:33.161] [Server thread/INFO] [net.minecraft.server.MinecraftServer/]: Saving chunks for level 'ServerLevel[world]'/adastraextra:deimos
[07ago2025 01:31:33.161] [Server thread/INFO] [net.minecraft.server.MinecraftServer/]: Saving chunks for level 'ServerLevel[world]'/ad_astra:mercury_orbit
[07ago2025 01:31:33.162] [Server thread/INFO] [net.minecraft.server.MinecraftServer/]: Saving chunks for level 'ServerLevel[world]'/adastraextra:metis_orbit
[07ago2025 01:31:33.162] [Server thread/INFO] [net.minecraft.server.MinecraftServer/]: Saving chunks for level 'ServerLevel[world]'/adastraextra:saturn_orbit
[07ago2025 01:31:33.162] [Server thread/INFO] [net.minecraft.server.MinecraftServer/]: Saving chunks for level 'ServerLevel[world]'/adastraextra:saturn
[07ago2025 01:31:33.163] [Server thread/INFO] [net.minecraft.server.MinecraftServer/]: Saving chunks for level 'ServerLevel[world]'/adastraextra:thebe
[07ago2025 01:31:33.163] [Server thread/INFO] [net.minecraft.server.MinecraftServer/]: Saving chunks for level 'ServerLevel[world]'/adastraextra:neptune_orbit
[07ago2025 01:31:33.163] [Server thread/INFO] [net.minecraft.server.MinecraftServer/]: Saving chunks for level 'ServerLevel[world]'/adastraextra:jupiter
[07ago2025 01:31:33.290] [Server thread/INFO] [net.minecraft.server.MinecraftServer/]: ThreadedAnvilChunkStorage (world): All chunks are saved
[07ago2025 01:31:33.290] [Server thread/INFO] [net.minecraft.server.MinecraftServer/]: ThreadedAnvilChunkStorage (jupiter_orbit): All chunks are saved
[07ago2025 01:31:33.290] [Server thread/INFO] [net.minecraft.server.MinecraftServer/]: ThreadedAnvilChunkStorage (mars_orbit): All chunks are saved
[07ago2025 01:31:33.290] [Server thread/INFO] [net.minecraft.server.MinecraftServer/]: ThreadedAnvilChunkStorage (moon_orbit): All chunks are saved
[07ago2025 01:31:33.290] [Server thread/INFO] [net.minecraft.server.MinecraftServer/]: ThreadedAnvilChunkStorage (phobos): All chunks are saved
[07ago2025 01:31:33.290] [Server thread/INFO] [net.minecraft.server.MinecraftServer/]: ThreadedAnvilChunkStorage (earth_orbit): All chunks are saved
[07ago2025 01:31:33.290] [Server thread/INFO] [net.minecraft.server.MinecraftServer/]: ThreadedAnvilChunkStorage (phobos_orbit): All chunks are saved
[07ago2025 01:31:33.292] [Server thread/INFO] [net.minecraft.server.MinecraftServer/]: ThreadedAnvilChunkStorage (venus): All chunks are saved
[07ago2025 01:31:33.292] [Server thread/INFO] [net.minecraft.server.MinecraftServer/]: ThreadedAnvilChunkStorage (mercury): All chunks are saved
[07ago2025 01:31:33.292] [Server thread/INFO] [net.minecraft.server.MinecraftServer/]: ThreadedAnvilChunkStorage (neptune): All chunks are saved
[07ago2025 01:31:33.292] [Server thread/INFO] [net.minecraft.server.MinecraftServer/]: ThreadedAnvilChunkStorage (otherside): All chunks are saved
[07ago2025 01:31:33.292] [Server thread/INFO] [net.minecraft.server.MinecraftServer/]: ThreadedAnvilChunkStorage (amalthea_orbit): All chunks are saved
[07ago2025 01:31:33.292] [Server thread/INFO] [net.minecraft.server.MinecraftServer/]: ThreadedAnvilChunkStorage (metis): All chunks are saved
[07ago2025 01:31:33.292] [Server thread/INFO] [net.minecraft.server.MinecraftServer/]: ThreadedAnvilChunkStorage (DIM1): All chunks are saved
[07ago2025 01:31:33.292] [Server thread/INFO] [net.minecraft.server.MinecraftServer/]: ThreadedAnvilChunkStorage (venus_orbit): All chunks are saved
[07ago2025 01:31:33.292] [Server thread/INFO] [net.minecraft.server.MinecraftServer/]: ThreadedAnvilChunkStorage (mars): All chunks are saved
[07ago2025 01:31:33.292] [Server thread/INFO] [net.minecraft.server.MinecraftServer/]: ThreadedAnvilChunkStorage (adrastea_orbit): All chunks are saved
[07ago2025 01:31:33.292] [Server thread/INFO] [net.minecraft.server.MinecraftServer/]: ThreadedAnvilChunkStorage (uranus): All chunks are saved
[07ago2025 01:31:33.293] [Server thread/INFO] [net.minecraft.server.MinecraftServer/]: ThreadedAnvilChunkStorage (DIM-1): All chunks are saved
[07ago2025 01:31:33.293] [Server thread/INFO] [net.minecraft.server.MinecraftServer/]: ThreadedAnvilChunkStorage (adrastea): All chunks are saved
[07ago2025 01:31:33.293] [Server thread/INFO] [net.minecraft.server.MinecraftServer/]: ThreadedAnvilChunkStorage (uranus_orbit): All chunks are saved
[07ago2025 01:31:33.293] [Server thread/INFO] [net.minecraft.server.MinecraftServer/]: ThreadedAnvilChunkStorage (thebe_orbit): All chunks are saved
[07ago2025 01:31:33.293] [Server thread/INFO] [net.minecraft.server.MinecraftServer/]: ThreadedAnvilChunkStorage (amalthea): All chunks are saved
[07ago2025 01:31:33.293] [Server thread/INFO] [net.minecraft.server.MinecraftServer/]: ThreadedAnvilChunkStorage (glacio): All chunks are saved
[07ago2025 01:31:33.293] [Server thread/INFO] [net.minecraft.server.MinecraftServer/]: ThreadedAnvilChunkStorage (moon): All chunks are saved
[07ago2025 01:31:33.293] [Server thread/INFO] [net.minecraft.server.MinecraftServer/]: ThreadedAnvilChunkStorage (deimos_orbit): All chunks are saved
[07ago2025 01:31:33.293] [Server thread/INFO] [net.minecraft.server.MinecraftServer/]: ThreadedAnvilChunkStorage (glacio_orbit): All chunks are saved
[07ago2025 01:31:33.293] [Server thread/INFO] [net.minecraft.server.MinecraftServer/]: ThreadedAnvilChunkStorage (deimos): All chunks are saved
[07ago2025 01:31:33.293] [Server thread/INFO] [net.minecraft.server.MinecraftServer/]: ThreadedAnvilChunkStorage (mercury_orbit): All chunks are saved
[07ago2025 01:31:33.294] [Server thread/INFO] [net.minecraft.server.MinecraftServer/]: ThreadedAnvilChunkStorage (metis_orbit): All chunks are saved
[07ago2025 01:31:33.294] [Server thread/INFO] [net.minecraft.server.MinecraftServer/]: ThreadedAnvilChunkStorage (saturn_orbit): All chunks are saved
[07ago2025 01:31:33.294] [Server thread/INFO] [net.minecraft.server.MinecraftServer/]: ThreadedAnvilChunkStorage (saturn): All chunks are saved
[07ago2025 01:31:33.294] [Server thread/INFO] [net.minecraft.server.MinecraftServer/]: ThreadedAnvilChunkStorage (thebe): All chunks are saved
[07ago2025 01:31:33.294] [Server thread/INFO] [net.minecraft.server.MinecraftServer/]: ThreadedAnvilChunkStorage (neptune_orbit): All chunks are saved
[07ago2025 01:31:33.294] [Server thread/INFO] [net.minecraft.server.MinecraftServer/]: ThreadedAnvilChunkStorage (jupiter): All chunks are saved
[07ago2025 01:31:33.294] [Server thread/INFO] [net.minecraft.server.MinecraftServer/]: ThreadedAnvilChunkStorage: All dimensions are saved
[07ago2025 01:31:33.347] [Server thread/INFO] [Chunk Activity Tracker/]: Server stopping, clearing chunk activity tracking map.
[07ago2025 01:31:33.406] [Server thread/INFO] [Framework/]: Unloading server configs...
[07ago2025 01:31:33.412] [Server thread/INFO] [Framework/]: Sending config unload event for backpacked.server.toml
[07ago2025 01:31:33.413] [Server thread/INFO] [Framework/]: Sending config unload event for goblintraders-entities.toml
[07ago2025 01:31:33.413] [Server thread/INFO] [Framework/]: Finished unloading server configs
